[32m[Nest] 10776  - [39m02/05/2026, 8:13:39 PM [32m    LOG[39m [38;5;3m[NestFactory] [39m[32mStarting Nest application...[39m
[32m[Nest] 10776  - [39m02/05/2026, 8:13:40 PM [32m    LOG[39m [38;5;3m[InstanceLoader] [39m[32mAppModule dependencies initialized[39m[38;5;3m +34ms[39m
[32m[Nest] 10776  - [39m02/05/2026, 8:13:40 PM [32m    LOG[39m [38;5;3m[InstanceLoader] [39m[32mDatabaseModule dependencies initialized[39m[38;5;3m +2ms[39m
[32m[Nest] 10776  - [39m02/05/2026, 8:13:40 PM [32m    LOG[39m [38;5;3m[InstanceLoader] [39m[32mDiscoveryModule dependencies initialized[39m[38;5;3m +1ms[39m
[32m[Nest] 10776  - [39m02/05/2026, 8:13:40 PM [32m    LOG[39m [38;5;3m[InstanceLoader] [39m[32mConfigHostModule dependencies initialized[39m[38;5;3m +2ms[39m
[32m[Nest] 10776  - [39m02/05/2026, 8:13:40 PM [32m    LOG[39m [38;5;3m[InstanceLoader] [39m[32mIngestModule dependencies initialized[39m[38;5;3m +4ms[39m
[32m[Nest] 10776  - [39m02/05/2026, 8:13:40 PM [32m    LOG[39m [38;5;3m[InstanceLoader] [39m[32mActiveTrackingModule dependencies initialized[39m[38;5;3m +0ms[39m
[32m[Nest] 10776  - [39m02/05/2026, 8:13:40 PM [32m    LOG[39m [38;5;3m[InstanceLoader] [39m[32mMonitorConfigModule dependencies initialized[39m[38;5;3m +1ms[39m
[32m[Nest] 10776  - [39m02/05/2026, 8:13:40 PM [32m    LOG[39m [38;5;3m[InstanceLoader] [39m[32mScheduleModule dependencies initialized[39m[38;5;3m +0ms[39m
[32m[Nest] 10776  - [39m02/05/2026, 8:13:40 PM [32m    LOG[39m [38;5;3m[InstanceLoader] [39m[32mConfigModule dependencies initialized[39m[38;5;3m +0ms[39m
[32m[Nest] 10776  - [39m02/05/2026, 8:13:40 PM [32m    LOG[39m [38;5;3m[InstanceLoader] [39m[32mDiscoveryModule dependencies initialized[39m[38;5;3m +0ms[39m
[32m[Nest] 10776  - [39m02/05/2026, 8:13:40 PM [32m    LOG[39m [38;5;3m[InstanceLoader] [39m[32mApiModule dependencies initialized[39m[38;5;3m +0ms[39m
[32m[Nest] 10776  - [39m02/05/2026, 8:13:40 PM [32m    LOG[39m [38;5;3m[RoutesResolver] [39m[32mConfigController {/config}:[39m[38;5;3m +48ms[39m
[32m[Nest] 10776  - [39m02/05/2026, 8:13:40 PM [32m    LOG[39m [38;5;3m[RouterExplorer] [39m[32mMapped {/config/keywords, GET} route[39m[38;5;3m +9ms[39m
[32m[Nest] 10776  - [39m02/05/2026, 8:13:40 PM [32m    LOG[39m [38;5;3m[RouterExplorer] [39m[32mMapped {/config/keywords, POST} route[39m[38;5;3m +1ms[39m
[32m[Nest] 10776  - [39m02/05/2026, 8:13:40 PM [32m    LOG[39m [38;5;3m[RouterExplorer] [39m[32mMapped {/config/keywords/:id, DELETE} route[39m[38;5;3m +2ms[39m
[32m[Nest] 10776  - [39m02/05/2026, 8:13:40 PM [32m    LOG[39m [38;5;3m[RouterExplorer] [39m[32mMapped {/config/phrases, GET} route[39m[38;5;3m +1ms[39m
[32m[Nest] 10776  - [39m02/05/2026, 8:13:40 PM [32m    LOG[39m [38;5;3m[RouterExplorer] [39m[32mMapped {/config/phrases, POST} route[39m[38;5;3m +1ms[39m
[32m[Nest] 10776  - [39m02/05/2026, 8:13:40 PM [32m    LOG[39m [38;5;3m[RouterExplorer] [39m[32mMapped {/config/phrases/:id, DELETE} route[39m[38;5;3m +1ms[39m
[32m[Nest] 10776  - [39m02/05/2026, 8:13:40 PM [32m    LOG[39m [38;5;3m[RouterExplorer] [39m[32mMapped {/config/commissions, GET} route[39m[38;5;3m +1ms[39m
[32m[Nest] 10776  - [39m02/05/2026, 8:13:40 PM [32m    LOG[39m [38;5;3m[RouterExplorer] [39m[32mMapped {/config/commissions, POST} route[39m[38;5;3m +1ms[39m
[32m[Nest] 10776  - [39m02/05/2026, 8:13:40 PM [32m    LOG[39m [38;5;3m[RouterExplorer] [39m[32mMapped {/config/commissions/:commissionId, DELETE} route[39m[38;5;3m +0ms[39m
[32m[Nest] 10776  - [39m02/05/2026, 8:13:40 PM [32m    LOG[39m [38;5;3m[RouterExplorer] [39m[32mMapped {/config/watchlist, GET} route[39m[38;5;3m +1ms[39m
[32m[Nest] 10776  - [39m02/05/2026, 8:13:40 PM [32m    LOG[39m [38;5;3m[RouterExplorer] [39m[32mMapped {/config/watchlist, POST} route[39m[38;5;3m +1ms[39m
[32m[Nest] 10776  - [39m02/05/2026, 8:13:40 PM [32m    LOG[39m [38;5;3m[RouterExplorer] [39m[32mMapped {/config/watchlist/by-number, POST} route[39m[38;5;3m +0ms[39m
[32m[Nest] 10776  - [39m02/05/2026, 8:13:40 PM [32m    LOG[39m [38;5;3m[RouterExplorer] [39m[32mMapped {/config/watchlist/:measureId, DELETE} route[39m[38;5;3m +1ms[39m
[32m[Nest] 10776  - [39m02/05/2026, 8:13:40 PM [32m    LOG[39m [38;5;3m[RoutesResolver] [39m[32mDashboardController {/dashboard}:[39m[38;5;3m +0ms[39m
[32m[Nest] 10776  - [39m02/05/2026, 8:13:40 PM [32m    LOG[39m [38;5;3m[RouterExplorer] [39m[32mMapped {/dashboard/summary, GET} route[39m[38;5;3m +1ms[39m
[32m[Nest] 10776  - [39m02/05/2026, 8:13:40 PM [32m    LOG[39m [38;5;3m[RoutesResolver] [39m[32mApiController {/}:[39m[38;5;3m +0ms[39m
[32m[Nest] 10776  - [39m02/05/2026, 8:13:40 PM [32m    LOG[39m [38;5;3m[RouterExplorer] [39m[32mMapped {/commissions, GET} route[39m[38;5;3m +0ms[39m
[32m[Nest] 10776  - [39m02/05/2026, 8:13:40 PM [32m    LOG[39m [38;5;3m[RouterExplorer] [39m[32mMapped {/watchlist/:measureId/add, POST} route[39m[38;5;3m +0ms[39m
[32m[Nest] 10776  - [39m02/05/2026, 8:13:40 PM [32m    LOG[39m [38;5;3m[RouterExplorer] [39m[32mMapped {/measures/:id, GET} route[39m[38;5;3m +0ms[39m
[32m[Nest] 10776  - [39m02/05/2026, 8:13:40 PM [32m    LOG[39m [38;5;3m[RouterExplorer] [39m[32mMapped {/ingest/trigger, POST} route[39m[38;5;3m +1ms[39m
[32m[Nest] 10776  - [39m02/05/2026, 8:13:40 PM [32m    LOG[39m [38;5;3m[RouterExplorer] [39m[32mMapped {/fix-schema, POST} route[39m[38;5;3m +0ms[39m
[32m[Nest] 10776  - [39m02/05/2026, 8:13:40 PM [32m    LOG[39m [38;5;3m[RoutesResolver] [39m[32mCommissionController {/commissions}:[39m[38;5;3m +0ms[39m
[32m[Nest] 10776  - [39m02/05/2026, 8:13:40 PM [32m    LOG[39m [38;5;3m[RouterExplorer] [39m[32mMapped {/commissions, GET} route[39m[38;5;3m +0ms[39m
[32m[Nest] 10776  - [39m02/05/2026, 8:13:40 PM [32m    LOG[39m [38;5;3m[SutraScraper] [39m[32mInitializing Playwright Browser...[39m
{"level":30,"time":1770336820488,"pid":10776,"hostname":"BECO","msg":"SutraClient initialized"}
🚀 FORZANDO CONEXIÓN A: postgres://postgres:password@127.0.0.1:5433/sutra_monitor
[32m[Nest] 10776  - [39m02/05/2026, 8:13:40 PM [32m    LOG[39m [38;5;3m[NestApplication] [39m[32mNest application successfully started[39m[38;5;3m +428ms[39m
🚀 Sutra Monitor running on port 3001
✅ Database connected
fixSchema called
Connecting to: postgresql://postgres:postgres@localhost:5433/sutra_monitor
Schema fix error: error: password authentication failed for user "postgres"
    at parseErrorMessage (C:\Users\becof\OneDrive\Desktop\tico\nuevo projecto\LWBETA\node_modules\.pnpm\pg-protocol@1.11.0\node_modules\pg-protocol\dist\parser.js:305:11)
    at Parser.handlePacket (C:\Users\becof\OneDrive\Desktop\tico\nuevo projecto\LWBETA\node_modules\.pnpm\pg-protocol@1.11.0\node_modules\pg-protocol\dist\parser.js:143:27)
    at Parser.parse (C:\Users\becof\OneDrive\Desktop\tico\nuevo projecto\LWBETA\node_modules\.pnpm\pg-protocol@1.11.0\node_modules\pg-protocol\dist\parser.js:37:38)
    at Socket.<anonymous> (C:\Users\becof\OneDrive\Desktop\tico\nuevo projecto\LWBETA\node_modules\.pnpm\pg-protocol@1.11.0\node_modules\pg-protocol\dist\index.js:11:42)
    at Socket.emit (node:events:508:28)
    at addChunk (node:internal/streams/readable:559:12)
    at readableAddChunkPushByteMode (node:internal/streams/readable:510:3)
    at Readable.push (node:internal/streams/readable:390:5)
    at TCP.onStreamRead (node:internal/stream_base_commons:189:23) {
  length: 104,
  severity: 'FATAL',
  code: '28P01',
  detail: undefined,
  hint: undefined,
  position: undefined,
  internalPosition: undefined,
  internalQuery: undefined,
  where: undefined,
  schema: undefined,
  table: undefined,
  column: undefined,
  dataType: undefined,
  constraint: undefined,
  file: 'auth.c',
  line: '331',
  routine: 'auth_failed'
}
fixSchema called
Connecting to: postgresql://postgres:postgres@localhost:5433/sutra_monitor
Schema fix error: error: password authentication failed for user "postgres"
    at parseErrorMessage (C:\Users\becof\OneDrive\Desktop\tico\nuevo projecto\LWBETA\node_modules\.pnpm\pg-protocol@1.11.0\node_modules\pg-protocol\dist\parser.js:305:11)
    at Parser.handlePacket (C:\Users\becof\OneDrive\Desktop\tico\nuevo projecto\LWBETA\node_modules\.pnpm\pg-protocol@1.11.0\node_modules\pg-protocol\dist\parser.js:143:27)
    at Parser.parse (C:\Users\becof\OneDrive\Desktop\tico\nuevo projecto\LWBETA\node_modules\.pnpm\pg-protocol@1.11.0\node_modules\pg-protocol\dist\parser.js:37:38)
    at Socket.<anonymous> (C:\Users\becof\OneDrive\Desktop\tico\nuevo projecto\LWBETA\node_modules\.pnpm\pg-protocol@1.11.0\node_modules\pg-protocol\dist\index.js:11:42)
    at Socket.emit (node:events:508:28)
    at addChunk (node:internal/streams/readable:559:12)
    at readableAddChunkPushByteMode (node:internal/streams/readable:510:3)
    at Readable.push (node:internal/streams/readable:390:5)
    at TCP.onStreamRead (node:internal/stream_base_commons:189:23) {
  length: 104,
  severity: 'FATAL',
  code: '28P01',
  detail: undefined,
  hint: undefined,
  position: undefined,
  internalPosition: undefined,
  internalQuery: undefined,
  where: undefined,
  schema: undefined,
  table: undefined,
  column: undefined,
  dataType: undefined,
  constraint: undefined,
  file: 'auth.c',
  line: '331',
  routine: 'auth_failed'
}
fixSchema called
Connecting to: postgresql://postgres:postgres@localhost:5433/sutra_monitor
Schema fix error: error: password authentication failed for user "postgres"
    at parseErrorMessage (C:\Users\becof\OneDrive\Desktop\tico\nuevo projecto\LWBETA\node_modules\.pnpm\pg-protocol@1.11.0\node_modules\pg-protocol\dist\parser.js:305:11)
    at Parser.handlePacket (C:\Users\becof\OneDrive\Desktop\tico\nuevo projecto\LWBETA\node_modules\.pnpm\pg-protocol@1.11.0\node_modules\pg-protocol\dist\parser.js:143:27)
    at Parser.parse (C:\Users\becof\OneDrive\Desktop\tico\nuevo projecto\LWBETA\node_modules\.pnpm\pg-protocol@1.11.0\node_modules\pg-protocol\dist\parser.js:37:38)
    at Socket.<anonymous> (C:\Users\becof\OneDrive\Desktop\tico\nuevo projecto\LWBETA\node_modules\.pnpm\pg-protocol@1.11.0\node_modules\pg-protocol\dist\index.js:11:42)
    at Socket.emit (node:events:508:28)
    at addChunk (node:internal/streams/readable:559:12)
    at readableAddChunkPushByteMode (node:internal/streams/readable:510:3)
    at Readable.push (node:internal/streams/readable:390:5)
    at TCP.onStreamRead (node:internal/stream_base_commons:189:23) {
  length: 104,
  severity: 'FATAL',
  code: '28P01',
  detail: undefined,
  hint: undefined,
  position: undefined,
  internalPosition: undefined,
  internalQuery: undefined,
  where: undefined,
  schema: undefined,
  table: undefined,
  column: undefined,
  dataType: undefined,
  constraint: undefined,
  file: 'auth.c',
  line: '331',
  routine: 'auth_failed'
}
