[32m[Nest] 14600  - [39m02/05/2026, 8:17:41 PM [32m    LOG[39m [38;5;3m[NestFactory] [39m[32mStarting Nest application...[39m
[32m[Nest] 14600  - [39m02/05/2026, 8:17:41 PM [32m    LOG[39m [38;5;3m[InstanceLoader] [39m[32mAppModule dependencies initialized[39m[38;5;3m +23ms[39m
[32m[Nest] 14600  - [39m02/05/2026, 8:17:41 PM [32m    LOG[39m [38;5;3m[InstanceLoader] [39m[32mDatabaseModule dependencies initialized[39m[38;5;3m +1ms[39m
[32m[Nest] 14600  - [39m02/05/2026, 8:17:41 PM [32m    LOG[39m [38;5;3m[InstanceLoader] [39m[32mDiscoveryModule dependencies initialized[39m[38;5;3m +0ms[39m
[32m[Nest] 14600  - [39m02/05/2026, 8:17:41 PM [32m    LOG[39m [38;5;3m[InstanceLoader] [39m[32mConfigHostModule dependencies initialized[39m[38;5;3m +1ms[39m
[32m[Nest] 14600  - [39m02/05/2026, 8:17:41 PM [32m    LOG[39m [38;5;3m[InstanceLoader] [39m[32mIngestModule dependencies initialized[39m[38;5;3m +1ms[39m
[32m[Nest] 14600  - [39m02/05/2026, 8:17:41 PM [32m    LOG[39m [38;5;3m[InstanceLoader] [39m[32mActiveTrackingModule dependencies initialized[39m[38;5;3m +0ms[39m
[32m[Nest] 14600  - [39m02/05/2026, 8:17:41 PM [32m    LOG[39m [38;5;3m[InstanceLoader] [39m[32mMonitorConfigModule dependencies initialized[39m[38;5;3m +0ms[39m
[32m[Nest] 14600  - [39m02/05/2026, 8:17:41 PM [32m    LOG[39m [38;5;3m[InstanceLoader] [39m[32mScheduleModule dependencies initialized[39m[38;5;3m +1ms[39m
[32m[Nest] 14600  - [39m02/05/2026, 8:17:41 PM [32m    LOG[39m [38;5;3m[InstanceLoader] [39m[32mConfigModule dependencies initialized[39m[38;5;3m +0ms[39m
[32m[Nest] 14600  - [39m02/05/2026, 8:17:41 PM [32m    LOG[39m [38;5;3m[InstanceLoader] [39m[32mDiscoveryModule dependencies initialized[39m[38;5;3m +0ms[39m
[32m[Nest] 14600  - [39m02/05/2026, 8:17:41 PM [32m    LOG[39m [38;5;3m[InstanceLoader] [39m[32mApiModule dependencies initialized[39m[38;5;3m +0ms[39m
[32m[Nest] 14600  - [39m02/05/2026, 8:17:41 PM [32m    LOG[39m [38;5;3m[RoutesResolver] [39m[32mConfigController {/config}:[39m[38;5;3m +40ms[39m
[32m[Nest] 14600  - [39m02/05/2026, 8:17:41 PM [32m    LOG[39m [38;5;3m[RouterExplorer] [39m[32mMapped {/config/keywords, GET} route[39m[38;5;3m +4ms[39m
[32m[Nest] 14600  - [39m02/05/2026, 8:17:41 PM [32m    LOG[39m [38;5;3m[RouterExplorer] [39m[32mMapped {/config/keywords, POST} route[39m[38;5;3m +1ms[39m
[32m[Nest] 14600  - [39m02/05/2026, 8:17:41 PM [32m    LOG[39m [38;5;3m[RouterExplorer] [39m[32mMapped {/config/keywords/:id, DELETE} route[39m[38;5;3m +0ms[39m
[32m[Nest] 14600  - [39m02/05/2026, 8:17:41 PM [32m    LOG[39m [38;5;3m[RouterExplorer] [39m[32mMapped {/config/phrases, GET} route[39m[38;5;3m +0ms[39m
[32m[Nest] 14600  - [39m02/05/2026, 8:17:41 PM [32m    LOG[39m [38;5;3m[RouterExplorer] [39m[32mMapped {/config/phrases, POST} route[39m[38;5;3m +1ms[39m
[32m[Nest] 14600  - [39m02/05/2026, 8:17:41 PM [32m    LOG[39m [38;5;3m[RouterExplorer] [39m[32mMapped {/config/phrases/:id, DELETE} route[39m[38;5;3m +0ms[39m
[32m[Nest] 14600  - [39m02/05/2026, 8:17:41 PM [32m    LOG[39m [38;5;3m[RouterExplorer] [39m[32mMapped {/config/commissions, GET} route[39m[38;5;3m +0ms[39m
[32m[Nest] 14600  - [39m02/05/2026, 8:17:41 PM [32m    LOG[39m [38;5;3m[RouterExplorer] [39m[32mMapped {/config/commissions, POST} route[39m[38;5;3m +0ms[39m
[32m[Nest] 14600  - [39m02/05/2026, 8:17:41 PM [32m    LOG[39m [38;5;3m[RouterExplorer] [39m[32mMapped {/config/commissions/:commissionId, DELETE} route[39m[38;5;3m +1ms[39m
[32m[Nest] 14600  - [39m02/05/2026, 8:17:41 PM [32m    LOG[39m [38;5;3m[RouterExplorer] [39m[32mMapped {/config/watchlist, GET} route[39m[38;5;3m +0ms[39m
[32m[Nest] 14600  - [39m02/05/2026, 8:17:41 PM [32m    LOG[39m [38;5;3m[RouterExplorer] [39m[32mMapped {/config/watchlist, POST} route[39m[38;5;3m +0ms[39m
[32m[Nest] 14600  - [39m02/05/2026, 8:17:41 PM [32m    LOG[39m [38;5;3m[RouterExplorer] [39m[32mMapped {/config/watchlist/by-number, POST} route[39m[38;5;3m +0ms[39m
[32m[Nest] 14600  - [39m02/05/2026, 8:17:41 PM [32m    LOG[39m [38;5;3m[RouterExplorer] [39m[32mMapped {/config/watchlist/:measureId, DELETE} route[39m[38;5;3m +0ms[39m
[32m[Nest] 14600  - [39m02/05/2026, 8:17:41 PM [32m    LOG[39m [38;5;3m[RoutesResolver] [39m[32mDashboardController {/dashboard}:[39m[38;5;3m +1ms[39m
[32m[Nest] 14600  - [39m02/05/2026, 8:17:41 PM [32m    LOG[39m [38;5;3m[RouterExplorer] [39m[32mMapped {/dashboard/summary, GET} route[39m[38;5;3m +0ms[39m
[32m[Nest] 14600  - [39m02/05/2026, 8:17:41 PM [32m    LOG[39m [38;5;3m[RoutesResolver] [39m[32mApiController {/}:[39m[38;5;3m +0ms[39m
[32m[Nest] 14600  - [39m02/05/2026, 8:17:41 PM [32m    LOG[39m [38;5;3m[RouterExplorer] [39m[32mMapped {/commissions, GET} route[39m[38;5;3m +0ms[39m
[32m[Nest] 14600  - [39m02/05/2026, 8:17:41 PM [32m    LOG[39m [38;5;3m[RouterExplorer] [39m[32mMapped {/watchlist/:measureId/add, POST} route[39m[38;5;3m +0ms[39m
[32m[Nest] 14600  - [39m02/05/2026, 8:17:41 PM [32m    LOG[39m [38;5;3m[RouterExplorer] [39m[32mMapped {/measures/:id, GET} route[39m[38;5;3m +0ms[39m
[32m[Nest] 14600  - [39m02/05/2026, 8:17:41 PM [32m    LOG[39m [38;5;3m[RouterExplorer] [39m[32mMapped {/ingest/trigger, POST} route[39m[38;5;3m +1ms[39m
[32m[Nest] 14600  - [39m02/05/2026, 8:17:41 PM [32m    LOG[39m [38;5;3m[RouterExplorer] [39m[32mMapped {/fix-schema, POST} route[39m[38;5;3m +0ms[39m
[32m[Nest] 14600  - [39m02/05/2026, 8:17:41 PM [32m    LOG[39m [38;5;3m[RoutesResolver] [39m[32mCommissionController {/commissions}:[39m[38;5;3m +0ms[39m
[32m[Nest] 14600  - [39m02/05/2026, 8:17:41 PM [32m    LOG[39m [38;5;3m[RouterExplorer] [39m[32mMapped {/commissions, GET} route[39m[38;5;3m +0ms[39m
[32m[Nest] 14600  - [39m02/05/2026, 8:17:41 PM [32m    LOG[39m [38;5;3m[SutraScraper] [39m[32mInitializing Playwright Browser...[39m
{"level":30,"time":1770337061494,"pid":14600,"hostname":"BECO","msg":"SutraClient initialized"}
🚀 FORZANDO CONEXIÓN A: postgres://postgres:password@127.0.0.1:5433/sutra_monitor
[32m[Nest] 14600  - [39m02/05/2026, 8:17:41 PM [32m    LOG[39m [38;5;3m[NestApplication] [39m[32mNest application successfully started[39m[38;5;3m +388ms[39m
🚀 Sutra Monitor running on port 3001
✅ Database connected
fixSchema called
Connecting to: postgresql://postgres:password@localhost:5433/sutra_monitor
Connected. Running ALTER...
Schema fixed successfully
[32m[Nest] 14600  - [39m02/05/2026, 8:20:03 PM [32m    LOG[39m [38;5;3m[IngestService] [39m[32mCreating run record...[39m
[32m[Nest] 14600  - [39m02/05/2026, 8:20:03 PM [32m    LOG[39m [38;5;3m[IngestService] [39m[32mScraping measures...[39m
[32m[Nest] 14600  - [39m02/05/2026, 8:20:04 PM [32m    LOG[39m [38;5;3m[SutraScraper] [39m[32mNavigating to SUTRA...[39m
[32m[Nest] 14600  - [39m02/05/2026, 8:20:11 PM [32m    LOG[39m [38;5;3m[SutraScraper] [39m[32mFound 4 measures in sidebar. Scraping details...[39m
[32m[Nest] 14600  - [39m02/05/2026, 8:20:18 PM [32m    LOG[39m [38;5;3m[IngestService] [39m[32mFound 4 measures from scraper.[39m
[32m[Nest] 14600  - [39m02/05/2026, 8:20:18 PM [32m    LOG[39m [38;5;3m[IngestService] [39m[32mIngestion completed: 3 new, 1 updated.[39m
[32m[Nest] 14600  - [39m02/05/2026, 8:30:00 PM [32m    LOG[39m [38;5;3m[IngestService] [39m[32mStarting scheduled ingestion job...[39m
[32m[Nest] 14600  - [39m02/05/2026, 8:30:00 PM [32m    LOG[39m [38;5;3m[IngestService] [39m[32mCreating run record...[39m
[32m[Nest] 14600  - [39m02/05/2026, 8:30:00 PM [32m    LOG[39m [38;5;3m[IngestService] [39m[32mScraping measures...[39m
[32m[Nest] 14600  - [39m02/05/2026, 8:30:00 PM [32m    LOG[39m [38;5;3m[SutraScraper] [39m[32mNavigating to SUTRA...[39m
[32m[Nest] 14600  - [39m02/05/2026, 8:30:08 PM [32m    LOG[39m [38;5;3m[SutraScraper] [39m[32mFound 4 measures in sidebar. Scraping details...[39m
[32m[Nest] 14600  - [39m02/05/2026, 8:30:16 PM [32m    LOG[39m [38;5;3m[IngestService] [39m[32mFound 4 measures from scraper.[39m
[32m[Nest] 14600  - [39m02/05/2026, 8:30:16 PM [32m    LOG[39m [38;5;3m[IngestService] [39m[32mIngestion completed: 0 new, 4 updated.[39m
[32m[Nest] 14600  - [39m02/05/2026, 9:00:00 PM [32m    LOG[39m [38;5;3m[IngestService] [39m[32mStarting scheduled ingestion job...[39m
[32m[Nest] 14600  - [39m02/05/2026, 9:00:00 PM [32m    LOG[39m [38;5;3m[IngestService] [39m[32mCreating run record...[39m
{"level":30,"time":1770339600027,"pid":14600,"hostname":"BECO","msg":"Starting discovery job"}
[32m[Nest] 14600  - [39m02/05/2026, 9:00:00 PM [32m    LOG[39m [38;5;3m[IngestService] [39m[32mScraping measures...[39m
{"level":30,"time":1770339600179,"pid":14600,"hostname":"BECO","msg":"No keywords configured, skipping discovery"}
[32m[Nest] 14600  - [39m02/05/2026, 9:00:00 PM [32m    LOG[39m [38;5;3m[SutraScraper] [39m[32mNavigating to SUTRA...[39m
[32m[Nest] 14600  - [39m02/05/2026, 9:00:07 PM [32m    LOG[39m [38;5;3m[SutraScraper] [39m[32mFound 4 measures in sidebar. Scraping details...[39m
[32m[Nest] 14600  - [39m02/05/2026, 9:00:15 PM [32m    LOG[39m [38;5;3m[IngestService] [39m[32mFound 4 measures from scraper.[39m
[32m[Nest] 14600  - [39m02/05/2026, 9:00:15 PM [32m    LOG[39m [38;5;3m[IngestService] [39m[32mIngestion completed: 0 new, 4 updated.[39m
