[32m[Nest] 3916  - [39m02/05/2026, 9:13:44 PM [32m    LOG[39m [38;5;3m[NestFactory] [39m[32mStarting Nest application...[39m
[32m[Nest] 3916  - [39m02/05/2026, 9:13:44 PM [32m    LOG[39m [38;5;3m[InstanceLoader] [39m[32mAppModule dependencies initialized[39m[38;5;3m +58ms[39m
[32m[Nest] 3916  - [39m02/05/2026, 9:13:44 PM [32m    LOG[39m [38;5;3m[InstanceLoader] [39m[32mDatabaseModule dependencies initialized[39m[38;5;3m +1ms[39m
[32m[Nest] 3916  - [39m02/05/2026, 9:13:44 PM [32m    LOG[39m [38;5;3m[InstanceLoader] [39m[32mHealthModule dependencies initialized[39m[38;5;3m +2ms[39m
[32m[Nest] 3916  - [39m02/05/2026, 9:13:44 PM [32m    LOG[39m [38;5;3m[InstanceLoader] [39m[32mDiscoveryModule dependencies initialized[39m[38;5;3m +1ms[39m
[32m[Nest] 3916  - [39m02/05/2026, 9:13:44 PM [32m    LOG[39m [38;5;3m[InstanceLoader] [39m[32mConfigHostModule dependencies initialized[39m[38;5;3m +2ms[39m
[32m[Nest] 3916  - [39m02/05/2026, 9:13:44 PM [32m    LOG[39m [38;5;3m[InstanceLoader] [39m[32mIngestModule dependencies initialized[39m[38;5;3m +0ms[39m
[32m[Nest] 3916  - [39m02/05/2026, 9:13:44 PM [32m    LOG[39m [38;5;3m[InstanceLoader] [39m[32mActiveTrackingModule dependencies initialized[39m[38;5;3m +0ms[39m
[32m[Nest] 3916  - [39m02/05/2026, 9:13:44 PM [32m    LOG[39m [38;5;3m[InstanceLoader] [39m[32mMonitorConfigModule dependencies initialized[39m[38;5;3m +1ms[39m
[32m[Nest] 3916  - [39m02/05/2026, 9:13:44 PM [32m    LOG[39m [38;5;3m[InstanceLoader] [39m[32mScheduleModule dependencies initialized[39m[38;5;3m +1ms[39m
[32m[Nest] 3916  - [39m02/05/2026, 9:13:44 PM [32m    LOG[39m [38;5;3m[InstanceLoader] [39m[32mConfigModule dependencies initialized[39m[38;5;3m +0ms[39m
[32m[Nest] 3916  - [39m02/05/2026, 9:13:44 PM [32m    LOG[39m [38;5;3m[InstanceLoader] [39m[32mDiscoveryModule dependencies initialized[39m[38;5;3m +0ms[39m
[32m[Nest] 3916  - [39m02/05/2026, 9:13:44 PM [32m    LOG[39m [38;5;3m[InstanceLoader] [39m[32mApiModule dependencies initialized[39m[38;5;3m +0ms[39m
[32m[Nest] 3916  - [39m02/05/2026, 9:13:44 PM [32m    LOG[39m [38;5;3m[RoutesResolver] [39m[32mConfigController {/config}:[39m[38;5;3m +58ms[39m
[32m[Nest] 3916  - [39m02/05/2026, 9:13:44 PM [32m    LOG[39m [38;5;3m[RouterExplorer] [39m[32mMapped {/config/keywords, GET} route[39m[38;5;3m +12ms[39m
[32m[Nest] 3916  - [39m02/05/2026, 9:13:44 PM [32m    LOG[39m [38;5;3m[RouterExplorer] [39m[32mMapped {/config/keywords, POST} route[39m[38;5;3m +2ms[39m
[32m[Nest] 3916  - [39m02/05/2026, 9:13:44 PM [32m    LOG[39m [38;5;3m[RouterExplorer] [39m[32mMapped {/config/keywords/:id, DELETE} route[39m[38;5;3m +2ms[39m
[32m[Nest] 3916  - [39m02/05/2026, 9:13:44 PM [32m    LOG[39m [38;5;3m[RouterExplorer] [39m[32mMapped {/config/phrases, GET} route[39m[38;5;3m +3ms[39m
[32m[Nest] 3916  - [39m02/05/2026, 9:13:44 PM [32m    LOG[39m [38;5;3m[RouterExplorer] [39m[32mMapped {/config/phrases, POST} route[39m[38;5;3m +0ms[39m
[32m[Nest] 3916  - [39m02/05/2026, 9:13:44 PM [32m    LOG[39m [38;5;3m[RouterExplorer] [39m[32mMapped {/config/phrases/:id, DELETE} route[39m[38;5;3m +1ms[39m
[32m[Nest] 3916  - [39m02/05/2026, 9:13:44 PM [32m    LOG[39m [38;5;3m[RouterExplorer] [39m[32mMapped {/config/commissions, GET} route[39m[38;5;3m +1ms[39m
[32m[Nest] 3916  - [39m02/05/2026, 9:13:44 PM [32m    LOG[39m [38;5;3m[RouterExplorer] [39m[32mMapped {/config/commissions, POST} route[39m[38;5;3m +0ms[39m
[32m[Nest] 3916  - [39m02/05/2026, 9:13:44 PM [32m    LOG[39m [38;5;3m[RouterExplorer] [39m[32mMapped {/config/commissions/:commissionId, DELETE} route[39m[38;5;3m +2ms[39m
[32m[Nest] 3916  - [39m02/05/2026, 9:13:44 PM [32m    LOG[39m [38;5;3m[RouterExplorer] [39m[32mMapped {/config/watchlist, GET} route[39m[38;5;3m +1ms[39m
[32m[Nest] 3916  - [39m02/05/2026, 9:13:44 PM [32m    LOG[39m [38;5;3m[RouterExplorer] [39m[32mMapped {/config/watchlist, POST} route[39m[38;5;3m +0ms[39m
[32m[Nest] 3916  - [39m02/05/2026, 9:13:44 PM [32m    LOG[39m [38;5;3m[RouterExplorer] [39m[32mMapped {/config/watchlist/by-number, POST} route[39m[38;5;3m +1ms[39m
[32m[Nest] 3916  - [39m02/05/2026, 9:13:44 PM [32m    LOG[39m [38;5;3m[RouterExplorer] [39m[32mMapped {/config/watchlist/:measureId, DELETE} route[39m[38;5;3m +0ms[39m
[32m[Nest] 3916  - [39m02/05/2026, 9:13:44 PM [32m    LOG[39m [38;5;3m[RoutesResolver] [39m[32mDashboardController {/dashboard}:[39m[38;5;3m +0ms[39m
[32m[Nest] 3916  - [39m02/05/2026, 9:13:44 PM [32m    LOG[39m [38;5;3m[RouterExplorer] [39m[32mMapped {/dashboard/summary, GET} route[39m[38;5;3m +2ms[39m
[32m[Nest] 3916  - [39m02/05/2026, 9:13:44 PM [32m    LOG[39m [38;5;3m[RoutesResolver] [39m[32mApiController {/}:[39m[38;5;3m +0ms[39m
[32m[Nest] 3916  - [39m02/05/2026, 9:13:44 PM [32m    LOG[39m [38;5;3m[RouterExplorer] [39m[32mMapped {/commissions, GET} route[39m[38;5;3m +1ms[39m
[32m[Nest] 3916  - [39m02/05/2026, 9:13:44 PM [32m    LOG[39m [38;5;3m[RouterExplorer] [39m[32mMapped {/watchlist/:measureId/add, POST} route[39m[38;5;3m +0ms[39m
[32m[Nest] 3916  - [39m02/05/2026, 9:13:44 PM [32m    LOG[39m [38;5;3m[RouterExplorer] [39m[32mMapped {/config/watchlist/by-number, POST} route[39m[38;5;3m +0ms[39m
[32m[Nest] 3916  - [39m02/05/2026, 9:13:44 PM [32m    LOG[39m [38;5;3m[RouterExplorer] [39m[32mMapped {/measures/:id, GET} route[39m[38;5;3m +0ms[39m
[32m[Nest] 3916  - [39m02/05/2026, 9:13:44 PM [32m    LOG[39m [38;5;3m[RouterExplorer] [39m[32mMapped {/ingest/trigger, POST} route[39m[38;5;3m +0ms[39m
[32m[Nest] 3916  - [39m02/05/2026, 9:13:44 PM [32m    LOG[39m [38;5;3m[RouterExplorer] [39m[32mMapped {/fix-schema, POST} route[39m[38;5;3m +0ms[39m
[32m[Nest] 3916  - [39m02/05/2026, 9:13:44 PM [32m    LOG[39m [38;5;3m[RoutesResolver] [39m[32mCommissionController {/commissions}:[39m[38;5;3m +0ms[39m
[32m[Nest] 3916  - [39m02/05/2026, 9:13:44 PM [32m    LOG[39m [38;5;3m[RouterExplorer] [39m[32mMapped {/commissions, GET} route[39m[38;5;3m +1ms[39m
[32m[Nest] 3916  - [39m02/05/2026, 9:13:44 PM [32m    LOG[39m [38;5;3m[RoutesResolver] [39m[32mHealthController {/health}:[39m[38;5;3m +0ms[39m
[32m[Nest] 3916  - [39m02/05/2026, 9:13:44 PM [32m    LOG[39m [38;5;3m[RouterExplorer] [39m[32mMapped {/health, GET} route[39m[38;5;3m +0ms[39m
[32m[Nest] 3916  - [39m02/05/2026, 9:13:44 PM [32m    LOG[39m [38;5;3m[SutraScraper] [39m[32mInitializing Playwright Browser...[39m
🚀 FORZANDO CONEXIÓN A: postgres://postgres:password@127.0.0.1:5433/sutra_monitor
{"level":30,"time":1770340425520,"pid":3916,"hostname":"BECO","msg":"SutraClient initialized"}
[32m[Nest] 3916  - [39m02/05/2026, 9:13:45 PM [32m    LOG[39m [38;5;3m[NestApplication] [39m[32mNest application successfully started[39m[38;5;3m +724ms[39m
🚀 Sutra Monitor running on port 3001
✅ Database connected
[32m[Nest] 3916  - [39m02/05/2026, 9:30:00 PM [32m    LOG[39m [38;5;3m[IngestService] [39m[32mStarting scheduled ingestion job...[39m
[32m[Nest] 3916  - [39m02/05/2026, 9:30:00 PM [32m    LOG[39m [38;5;3m[IngestService] [39m[32mCreating run record...[39m
[32m[Nest] 3916  - [39m02/05/2026, 9:30:00 PM [32m    LOG[39m [38;5;3m[IngestService] [39m[32mScraping measures...[39m
[32m[Nest] 3916  - [39m02/05/2026, 9:30:01 PM [32m    LOG[39m [38;5;3m[SutraScraper] [39m[32mNavigating to SUTRA...[39m
[32m[Nest] 3916  - [39m02/05/2026, 9:30:15 PM [32m    LOG[39m [38;5;3m[SutraScraper] [39m[32mFound 4 measures in sidebar. Scraping details...[39m
[32m[Nest] 3916  - [39m02/05/2026, 9:30:33 PM [32m    LOG[39m [38;5;3m[IngestService] [39m[32mFound 4 measures from scraper.[39m
[32m[Nest] 3916  - [39m02/05/2026, 9:30:34 PM [32m    LOG[39m [38;5;3m[IngestService] [39m[32mIngestion completed: 0 new, 4 updated.[39m
