[32m[Nest] 11228  - [39m02/05/2026, 9:02:27 PM [32m    LOG[39m [38;5;3m[NestFactory] [39m[32mStarting Nest application...[39m
[32m[Nest] 11228  - [39m02/05/2026, 9:02:27 PM [32m    LOG[39m [38;5;3m[InstanceLoader] [39m[32mAppModule dependencies initialized[39m[38;5;3m +40ms[39m
[32m[Nest] 11228  - [39m02/05/2026, 9:02:27 PM [32m    LOG[39m [38;5;3m[InstanceLoader] [39m[32mDatabaseModule dependencies initialized[39m[38;5;3m +0ms[39m
[32m[Nest] 11228  - [39m02/05/2026, 9:02:27 PM [32m    LOG[39m [38;5;3m[InstanceLoader] [39m[32mDiscoveryModule dependencies initialized[39m[38;5;3m +0ms[39m
[32m[Nest] 11228  - [39m02/05/2026, 9:02:27 PM [32m    LOG[39m [38;5;3m[InstanceLoader] [39m[32mConfigHostModule dependencies initialized[39m[38;5;3m +0ms[39m
[32m[Nest] 11228  - [39m02/05/2026, 9:02:27 PM [32m    LOG[39m [38;5;3m[InstanceLoader] [39m[32mIngestModule dependencies initialized[39m[38;5;3m +4ms[39m
[32m[Nest] 11228  - [39m02/05/2026, 9:02:27 PM [32m    LOG[39m [38;5;3m[InstanceLoader] [39m[32mActiveTrackingModule dependencies initialized[39m[38;5;3m +0ms[39m
[32m[Nest] 11228  - [39m02/05/2026, 9:02:27 PM [32m    LOG[39m [38;5;3m[InstanceLoader] [39m[32mMonitorConfigModule dependencies initialized[39m[38;5;3m +1ms[39m
[32m[Nest] 11228  - [39m02/05/2026, 9:02:27 PM [32m    LOG[39m [38;5;3m[InstanceLoader] [39m[32mScheduleModule dependencies initialized[39m[38;5;3m +0ms[39m
[32m[Nest] 11228  - [39m02/05/2026, 9:02:27 PM [32m    LOG[39m [38;5;3m[InstanceLoader] [39m[32mConfigModule dependencies initialized[39m[38;5;3m +1ms[39m
[32m[Nest] 11228  - [39m02/05/2026, 9:02:27 PM [32m    LOG[39m [38;5;3m[InstanceLoader] [39m[32mDiscoveryModule dependencies initialized[39m[38;5;3m +0ms[39m
[32m[Nest] 11228  - [39m02/05/2026, 9:02:27 PM [32m    LOG[39m [38;5;3m[InstanceLoader] [39m[32mApiModule dependencies initialized[39m[38;5;3m +0ms[39m
[32m[Nest] 11228  - [39m02/05/2026, 9:02:28 PM [32m    LOG[39m [38;5;3m[RoutesResolver] [39m[32mConfigController {/config}:[39m[38;5;3m +47ms[39m
[32m[Nest] 11228  - [39m02/05/2026, 9:02:28 PM [32m    LOG[39m [38;5;3m[RouterExplorer] [39m[32mMapped {/config/keywords, GET} route[39m[38;5;3m +2ms[39m
[32m[Nest] 11228  - [39m02/05/2026, 9:02:28 PM [32m    LOG[39m [38;5;3m[RouterExplorer] [39m[32mMapped {/config/keywords, POST} route[39m[38;5;3m +1ms[39m
[32m[Nest] 11228  - [39m02/05/2026, 9:02:28 PM [32m    LOG[39m [38;5;3m[RouterExplorer] [39m[32mMapped {/config/keywords/:id, DELETE} route[39m[38;5;3m +1ms[39m
[32m[Nest] 11228  - [39m02/05/2026, 9:02:28 PM [32m    LOG[39m [38;5;3m[RouterExplorer] [39m[32mMapped {/config/phrases, GET} route[39m[38;5;3m +0ms[39m
[32m[Nest] 11228  - [39m02/05/2026, 9:02:28 PM [32m    LOG[39m [38;5;3m[RouterExplorer] [39m[32mMapped {/config/phrases, POST} route[39m[38;5;3m +0ms[39m
[32m[Nest] 11228  - [39m02/05/2026, 9:02:28 PM [32m    LOG[39m [38;5;3m[RouterExplorer] [39m[32mMapped {/config/phrases/:id, DELETE} route[39m[38;5;3m +1ms[39m
[32m[Nest] 11228  - [39m02/05/2026, 9:02:28 PM [32m    LOG[39m [38;5;3m[RouterExplorer] [39m[32mMapped {/config/commissions, GET} route[39m[38;5;3m +0ms[39m
[32m[Nest] 11228  - [39m02/05/2026, 9:02:28 PM [32m    LOG[39m [38;5;3m[RouterExplorer] [39m[32mMapped {/config/commissions, POST} route[39m[38;5;3m +0ms[39m
[32m[Nest] 11228  - [39m02/05/2026, 9:02:28 PM [32m    LOG[39m [38;5;3m[RouterExplorer] [39m[32mMapped {/config/commissions/:commissionId, DELETE} route[39m[38;5;3m +0ms[39m
[32m[Nest] 11228  - [39m02/05/2026, 9:02:28 PM [32m    LOG[39m [38;5;3m[RouterExplorer] [39m[32mMapped {/config/watchlist, GET} route[39m[38;5;3m +0ms[39m
[32m[Nest] 11228  - [39m02/05/2026, 9:02:28 PM [32m    LOG[39m [38;5;3m[RouterExplorer] [39m[32mMapped {/config/watchlist, POST} route[39m[38;5;3m +1ms[39m
[32m[Nest] 11228  - [39m02/05/2026, 9:02:28 PM [32m    LOG[39m [38;5;3m[RouterExplorer] [39m[32mMapped {/config/watchlist/by-number, POST} route[39m[38;5;3m +0ms[39m
[32m[Nest] 11228  - [39m02/05/2026, 9:02:28 PM [32m    LOG[39m [38;5;3m[RouterExplorer] [39m[32mMapped {/config/watchlist/:measureId, DELETE} route[39m[38;5;3m +0ms[39m
[32m[Nest] 11228  - [39m02/05/2026, 9:02:28 PM [32m    LOG[39m [38;5;3m[RoutesResolver] [39m[32mDashboardController {/dashboard}:[39m[38;5;3m +0ms[39m
[32m[Nest] 11228  - [39m02/05/2026, 9:02:28 PM [32m    LOG[39m [38;5;3m[RouterExplorer] [39m[32mMapped {/dashboard/summary, GET} route[39m[38;5;3m +0ms[39m
[32m[Nest] 11228  - [39m02/05/2026, 9:02:28 PM [32m    LOG[39m [38;5;3m[RoutesResolver] [39m[32mApiController {/}:[39m[38;5;3m +0ms[39m
[32m[Nest] 11228  - [39m02/05/2026, 9:02:28 PM [32m    LOG[39m [38;5;3m[RouterExplorer] [39m[32mMapped {/commissions, GET} route[39m[38;5;3m +0ms[39m
[32m[Nest] 11228  - [39m02/05/2026, 9:02:28 PM [32m    LOG[39m [38;5;3m[RouterExplorer] [39m[32mMapped {/watchlist/:measureId/add, POST} route[39m[38;5;3m +1ms[39m
[32m[Nest] 11228  - [39m02/05/2026, 9:02:28 PM [32m    LOG[39m [38;5;3m[RouterExplorer] [39m[32mMapped {/config/watchlist/by-number, POST} route[39m[38;5;3m +0ms[39m
[32m[Nest] 11228  - [39m02/05/2026, 9:02:28 PM [32m    LOG[39m [38;5;3m[RouterExplorer] [39m[32mMapped {/measures/:id, GET} route[39m[38;5;3m +0ms[39m
[32m[Nest] 11228  - [39m02/05/2026, 9:02:28 PM [32m    LOG[39m [38;5;3m[RouterExplorer] [39m[32mMapped {/ingest/trigger, POST} route[39m[38;5;3m +1ms[39m
[32m[Nest] 11228  - [39m02/05/2026, 9:02:28 PM [32m    LOG[39m [38;5;3m[RouterExplorer] [39m[32mMapped {/fix-schema, POST} route[39m[38;5;3m +1ms[39m
[32m[Nest] 11228  - [39m02/05/2026, 9:02:28 PM [32m    LOG[39m [38;5;3m[RoutesResolver] [39m[32mCommissionController {/commissions}:[39m[38;5;3m +0ms[39m
[32m[Nest] 11228  - [39m02/05/2026, 9:02:28 PM [32m    LOG[39m [38;5;3m[RouterExplorer] [39m[32mMapped {/commissions, GET} route[39m[38;5;3m +1ms[39m
[32m[Nest] 11228  - [39m02/05/2026, 9:02:28 PM [32m    LOG[39m [38;5;3m[SutraScraper] [39m[32mInitializing Playwright Browser...[39m
🚀 FORZANDO CONEXIÓN A: postgres://postgres:password@127.0.0.1:5433/sutra_monitor
{"level":30,"time":1770339748736,"pid":11228,"hostname":"BECO","msg":"SutraClient initialized"}
[32m[Nest] 11228  - [39m02/05/2026, 9:02:28 PM [32m    LOG[39m [38;5;3m[NestApplication] [39m[32mNest application successfully started[39m[38;5;3m +720ms[39m
🚀 Sutra Monitor running on port 3001
✅ Database connected
